<?xml version="1.0" encoding="UTF-8"?>
<!-- Generated by org.testng.reporters.JUnitXMLReporter -->
<testsuite ignored="0" hostname="DESKTOP-VAQKFJ2" failures="0" tests="10" name="UserTest" time="20.241" errors="0" timestamp="2023-11-28T11:17:06 IST">
  <testcase classname="api.test.DDTUserTests" name="testPostUsers" time="3.036"/>
  <testcase classname="api.test.DDTUserTests" name="testPostUsers" time="1.552"/>
  <testcase classname="api.test.DDTUserTests" name="testPostUsers" time="1.533"/>
  <testcase classname="api.test.DDTUserTests" name="testDeleteUsers" time="1.461"/>
  <testcase classname="api.test.DDTUserTests" name="testDeleteUsers" time="1.524"/>
  <testcase classname="api.test.DDTUserTests" name="testDeleteUsers" time="1.467"/>
  <testcase classname="api.test.UserTests" name="testPostUser" time="1.43"/>
  <testcase classname="api.test.UserTests" name="testGetUser" time="1.544"/>
  <testcase classname="api.test.UserTests" name="testUpdateUser" time="3.158"/>
  <testcase classname="api.test.UserTests" name="testDeleteUser" time="1.534"/>
</testsuite> <!-- UserTest -->
