<?xml version="1.0" encoding="UTF-8"?>
<!-- Generated by org.testng.reporters.JUnitXMLReporter -->
<testsuite ignored="0" hostname="DESKTOP-VAQKFJ2" failures="0" tests="4" name="Default test" time="9.032" errors="0" timestamp="2023-11-28T15:03:51 IST">
  <testcase classname="api.test.UserTests2" name="testPostUser" time="3.394"/>
  <testcase classname="api.test.UserTests2" name="testGetUser" time="1.144"/>
  <testcase classname="api.test.UserTests2" name="testUpdateUser" time="2.149"/>
  <testcase classname="api.test.UserTests2" name="testDeleteUser" time="1.09"/>
</testsuite> <!-- Default test -->
