<?xml version="1.0" encoding="UTF-8"?>
<!-- Generated by org.testng.reporters.JUnitXMLReporter -->
<testsuite ignored="0" hostname="DESKTOP-VAQKFJ2" failures="0" tests="4" name="UserTest" time="7.501" errors="0" timestamp="2023-11-28T16:32:13 IST">
  <testcase classname="api.test.UserTests" name="testPostUser" time="2.467"/>
  <testcase classname="api.test.UserTests" name="testGetUser" time="1.112"/>
  <testcase classname="api.test.UserTests" name="testUpdateUser" time="2.111"/>
  <testcase classname="api.test.UserTests" name="testDeleteUser" time="1.117"/>
</testsuite> <!-- UserTest -->
