<?xml version="1.0" encoding="UTF-8"?>
<testng-results ignored="0" total="4" passed="4" failed="0" skipped="0">
  <reporter-output>
  </reporter-output>
  <suite started-at="2023-11-28T16:32:05 IST" name="UserSuite" finished-at="2023-11-28T16:32:13 IST" duration-ms="7501">
    <groups>
    </groups>
    <test started-at="2023-11-28T16:32:05 IST" name="UserTest" finished-at="2023-11-28T16:32:13 IST" duration-ms="7501">
      <class name="api.test.UserTests">
        <test-method is-config="true" signature="setUp()[pri:0, instance:api.test.UserTests@4686afc2]" started-at="2023-11-28T16:32:05 IST" name="setUp" finished-at="2023-11-28T16:32:06 IST" duration-ms="466" status="PASS">
          <reporter-output>
          </reporter-output>
        </test-method> <!-- setUp -->
        <test-method signature="testPostUser()[pri:1, instance:api.test.UserTests@4686afc2]" started-at="2023-11-28T16:32:06 IST" name="testPostUser" finished-at="2023-11-28T16:32:08 IST" duration-ms="2467" status="PASS">
          <reporter-output>
          </reporter-output>
        </test-method> <!-- testPostUser -->
        <test-method signature="testGetUser()[pri:2, instance:api.test.UserTests@4686afc2]" started-at="2023-11-28T16:32:08 IST" name="testGetUser" finished-at="2023-11-28T16:32:09 IST" duration-ms="1112" status="PASS">
          <reporter-output>
          </reporter-output>
        </test-method> <!-- testGetUser -->
        <test-method signature="testUpdateUser()[pri:3, instance:api.test.UserTests@4686afc2]" started-at="2023-11-28T16:32:09 IST" name="testUpdateUser" finished-at="2023-11-28T16:32:11 IST" duration-ms="2111" status="PASS">
          <reporter-output>
          </reporter-output>
        </test-method> <!-- testUpdateUser -->
        <test-method signature="testDeleteUser()[pri:4, instance:api.test.UserTests@4686afc2]" started-at="2023-11-28T16:32:11 IST" name="testDeleteUser" finished-at="2023-11-28T16:32:13 IST" duration-ms="1117" status="PASS">
          <reporter-output>
          </reporter-output>
        </test-method> <!-- testDeleteUser -->
      </class> <!-- api.test.UserTests -->
    </test> <!-- UserTest -->
  </suite> <!-- UserSuite -->
</testng-results>
