<?xml version="1.0" encoding="UTF-8"?>
<testng-results ignored="0" total="4" passed="4" failed="0" skipped="0">
  <reporter-output>
  </reporter-output>
  <suite started-at="2023-11-28T15:03:42 IST" name="Default suite" finished-at="2023-11-28T15:03:51 IST" duration-ms="9032">
    <groups>
    </groups>
    <test started-at="2023-11-28T15:03:42 IST" name="Default test" finished-at="2023-11-28T15:03:51 IST" duration-ms="9032">
      <class name="api.test.UserTests2">
        <test-method is-config="true" signature="setUp()[pri:0, instance:api.test.UserTests2@4c1909a3]" started-at="2023-11-28T15:03:42 IST" name="setUp" finished-at="2023-11-28T15:03:43 IST" duration-ms="805" status="PASS">
          <reporter-output>
          </reporter-output>
        </test-method> <!-- setUp -->
        <test-method signature="testPostUser()[pri:1, instance:api.test.UserTests2@4c1909a3]" started-at="2023-11-28T15:03:43 IST" name="testPostUser" finished-at="2023-11-28T15:03:46 IST" duration-ms="3394" status="PASS">
          <reporter-output>
          </reporter-output>
        </test-method> <!-- testPostUser -->
        <test-method signature="testGetUser()[pri:2, instance:api.test.UserTests2@4c1909a3]" started-at="2023-11-28T15:03:46 IST" name="testGetUser" finished-at="2023-11-28T15:03:48 IST" duration-ms="1144" status="PASS">
          <reporter-output>
          </reporter-output>
        </test-method> <!-- testGetUser -->
        <test-method signature="testUpdateUser()[pri:3, instance:api.test.UserTests2@4c1909a3]" started-at="2023-11-28T15:03:48 IST" name="testUpdateUser" finished-at="2023-11-28T15:03:50 IST" duration-ms="2149" status="PASS">
          <reporter-output>
          </reporter-output>
        </test-method> <!-- testUpdateUser -->
        <test-method signature="testDeleteUser()[pri:4, instance:api.test.UserTests2@4c1909a3]" started-at="2023-11-28T15:03:50 IST" name="testDeleteUser" finished-at="2023-11-28T15:03:51 IST" duration-ms="1090" status="PASS">
          <reporter-output>
          </reporter-output>
        </test-method> <!-- testDeleteUser -->
      </class> <!-- api.test.UserTests2 -->
    </test> <!-- Default test -->
  </suite> <!-- Default suite -->
</testng-results>
